app/build/outputs/logs/manifest-merger-debug-report.txt
-- Merging decision tree log ---
manifest
ADDED from src\main\AndroidManifest.xml:1:1-39:12
	package
		ADDED from src\main\AndroidManifest.xml:2:5-33
		INJECTED from src\main\AndroidManifest.xml
		INJECTED from src\main\AndroidManifest.xml
	android:versionName
		ADDED from src\main\AndroidManifest.xml:4:5-30
		INJECTED from src\main\AndroidManifest.xml
		INJECTED from src\main\AndroidManifest.xml
	android:versionCode
		ADDED from src\main\AndroidManifest.xml:3:5-28
		INJECTED from src\main\AndroidManifest.xml
		INJECTED from src\main\AndroidManifest.xml
	xmlns:android
		ADDED from src\main\AndroidManifest.xml:1:11-69
uses-sdk
ADDED from src\main\AndroidManifest.xml:6:5-8:41
MERGED from [com.google.android.gms:play-services-appindexing:8.4.0] AndroidManifest.xml:18:5-42
MERGED from [com.google.android.gms:play-services-base:8.4.0] AndroidManifest.xml:18:5-42
MERGED from [com.google.android.gms:play-services-basement:8.4.0] AndroidManifest.xml:18:5-42
MERGED from [com.android.support:support-v4:23.0.0] AndroidManifest.xml:20:5-43
MERGED from [com.google.android.gms:play-services-base:8.4.0] AndroidManifest.xml:18:5-42
MERGED from [com.google.android.gms:play-services-basement:8.4.0] AndroidManifest.xml:18:5-42
MERGED from [com.android.support:support-v4:23.0.0] AndroidManifest.xml:20:5-43
MERGED from [com.google.android.gms:play-services-basement:8.4.0] AndroidManifest.xml:18:5-42
MERGED from [com.android.support:support-v4:23.0.0] AndroidManifest.xml:20:5-43
MERGED from [com.android.support:support-v4:23.0.0] AndroidManifest.xml:20:5-43
	android:targetSdkVersion
		ADDED from src\main\AndroidManifest.xml:8:9-38
		INJECTED from src\main\AndroidManifest.xml
		INJECTED from src\main\AndroidManifest.xml
	android:minSdkVersion
		ADDED from src\main\AndroidManifest.xml:7:9-35
		INJECTED from src\main\AndroidManifest.xml
		INJECTED from src\main\AndroidManifest.xml
uses-permission#android.permission.WRITE_EXTERNAL_STORAGE
ADDED from src\main\AndroidManifest.xml:9:5-81
	android:name
		ADDED from src\main\AndroidManifest.xml:9:22-78
application
ADDED from src\main\AndroidManifest.xml:10:5-38:19
MERGED from [com.google.android.gms:play-services-appindexing:8.4.0] AndroidManifest.xml:19:5-20
MERGED from [com.google.android.gms:play-services-basement:8.4.0] AndroidManifest.xml:20:5-24:19
MERGED from [com.android.support:support-v4:23.0.0] AndroidManifest.xml:22:5-20
MERGED from [com.google.android.gms:play-services-basement:8.4.0] AndroidManifest.xml:20:5-24:19
MERGED from [com.android.support:support-v4:23.0.0] AndroidManifest.xml:22:5-20
MERGED from [com.google.android.gms:play-services-basement:8.4.0] AndroidManifest.xml:20:5-24:19
MERGED from [com.android.support:support-v4:23.0.0] AndroidManifest.xml:22:5-20
MERGED from [com.android.support:support-v4:23.0.0] AndroidManifest.xml:22:5-20
	android:label
		ADDED from src\main\AndroidManifest.xml:12:9-41
	android:icon
		ADDED from src\main\AndroidManifest.xml:11:9-41
	android:theme
		ADDED from src\main\AndroidManifest.xml:13:9-40
activity#com.nilin.easynote.MainActivity
ADDED from src\main\AndroidManifest.xml:14:9-23:20
	android:label
		ADDED from src\main\AndroidManifest.xml:16:13-56
	android:theme
		ADDED from src\main\AndroidManifest.xml:17:13-60
	android:name
		ADDED from src\main\AndroidManifest.xml:15:13-59
intent-filter#android.intent.action.MAIN+android.intent.category.LAUNCHER
ADDED from src\main\AndroidManifest.xml:18:13-22:29
action#android.intent.action.MAIN
ADDED from src\main\AndroidManifest.xml:19:17-69
	android:name
		ADDED from src\main\AndroidManifest.xml:19:25-66
category#android.intent.category.LAUNCHER
ADDED from src\main\AndroidManifest.xml:21:17-77
	android:name
		ADDED from src\main\AndroidManifest.xml:21:27-74
activity#com.nilin.easynote.editnotes
ADDED from src\main\AndroidManifest.xml:24:9-28:20
	android:windowSoftInputMode
		ADDED from src\main\AndroidManifest.xml:26:13-68
	android:theme
		ADDED from src\main\AndroidManifest.xml:27:13-60
	android:name
		ADDED from src\main\AndroidManifest.xml:25:13-56
activity#com.nilin.easynote.checknotes
ADDED from src\main\AndroidManifest.xml:29:9-33:20
	android:windowSoftInputMode
		ADDED from src\main\AndroidManifest.xml:31:13-72
	android:theme
		ADDED from src\main\AndroidManifest.xml:32:13-60
	android:name
		ADDED from src\main\AndroidManifest.xml:30:13-57
meta-data#com.google.android.gms.version
ADDED from src\main\AndroidManifest.xml:35:9-37:69
MERGED from [com.google.android.gms:play-services-basement:8.4.0] AndroidManifest.xml:21:9-23:69
MERGED from [com.google.android.gms:play-services-basement:8.4.0] AndroidManifest.xml:21:9-23:69
MERGED from [com.google.android.gms:play-services-basement:8.4.0] AndroidManifest.xml:21:9-23:69
	android:value
		ADDED from src\main\AndroidManifest.xml:37:13-66
	android:name
		ADDED from src\main\AndroidManifest.xml:36:13-58